holisticFlashcards/build/outputs/logs/manifest-merger-debug-report.txt
-- Merging decision tree log ---
manifest
ADDED from src\main\AndroidManifest.xml:2:1-116:12
	package
		ADDED from src\main\AndroidManifest.xml:3:5-53
		INJECTED from src\main\AndroidManifest.xml
		INJECTED from src\main\AndroidManifest.xml
	android:versionName
		ADDED from src\main\AndroidManifest.xml:5:5-30
		INJECTED from src\main\AndroidManifest.xml
		INJECTED from src\main\AndroidManifest.xml
	android:versionCode
		ADDED from src\main\AndroidManifest.xml:4:5-28
		INJECTED from src\main\AndroidManifest.xml
		INJECTED from src\main\AndroidManifest.xml
	xmlns:android
		ADDED from src\main\AndroidManifest.xml:2:11-69
uses-sdk
ADDED from src\main\AndroidManifest.xml:7:5-9:41
MERGED from [HolisticFlashcards:devsmartAndroid:unspecified] AndroidManifest.xml:7:5-9:40
MERGED from [com.android.support:support-v4:20.0.0] AndroidManifest.xml:16:5-42
MERGED from [com.android.support:support-v4:20.0.0] AndroidManifest.xml:16:5-42
MERGED from [com.android.support:appcompat-v7:20.0.0] AndroidManifest.xml:16:5-42
MERGED from [com.android.support:support-v4:20.0.0] AndroidManifest.xml:16:5-42
	android:targetSdkVersion
		ADDED from src\main\AndroidManifest.xml:9:9-38
		INJECTED from src\main\AndroidManifest.xml
		INJECTED from src\main\AndroidManifest.xml
	android:minSdkVersion
		ADDED from src\main\AndroidManifest.xml:8:9-34
		INJECTED from src\main\AndroidManifest.xml
		INJECTED from src\main\AndroidManifest.xml
uses-permission#android.permission.ACCESS_NETWORK_STATE
ADDED from src\main\AndroidManifest.xml:11:5-78
	android:name
		ADDED from src\main\AndroidManifest.xml:11:22-76
uses-permission#android.permission.WRITE_EXTERNAL_STORAGE
ADDED from src\main\AndroidManifest.xml:12:5-81
	android:name
		ADDED from src\main\AndroidManifest.xml:12:22-78
uses-permission#android.permission.READ_EXTERNAL_STORAGE
ADDED from src\main\AndroidManifest.xml:13:5-80
	android:name
		ADDED from src\main\AndroidManifest.xml:13:22-77
uses-permission#android.permission.INTERNET
ADDED from src\main\AndroidManifest.xml:14:5-67
	android:name
		ADDED from src\main\AndroidManifest.xml:14:22-64
application
ADDED from src\main\AndroidManifest.xml:16:5-114:19
MERGED from [com.android.support:support-v4:20.0.0] AndroidManifest.xml:17:5-19
MERGED from [com.android.support:support-v4:20.0.0] AndroidManifest.xml:17:5-19
MERGED from [com.android.support:appcompat-v7:20.0.0] AndroidManifest.xml:17:5-19
MERGED from [com.android.support:support-v4:20.0.0] AndroidManifest.xml:17:5-19
	android:label
		ADDED from src\main\AndroidManifest.xml:19:9-41
	android:allowBackup
		ADDED from src\main\AndroidManifest.xml:17:9-35
	android:icon
		ADDED from src\main\AndroidManifest.xml:18:9-45
	android:theme
		ADDED from src\main\AndroidManifest.xml:20:9-40
activity#com.celesterspencer.activities.SelectReferencesActivity
ADDED from src\main\AndroidManifest.xml:21:9-28:20
	android:label
		ADDED from src\main\AndroidManifest.xml:23:13-45
	android:name
		ADDED from src\main\AndroidManifest.xml:22:13-83
intent-filter#android.intent.action.SELECTREFERENCESACTIVITY+android.intent.category.DEFAULT
ADDED from src\main\AndroidManifest.xml:24:13-27:29
action#android.intent.action.SELECTREFERENCESACTIVITY
ADDED from src\main\AndroidManifest.xml:25:17-89
	android:name
		ADDED from src\main\AndroidManifest.xml:25:25-86
category#android.intent.category.DEFAULT
ADDED from src\main\AndroidManifest.xml:26:17-76
	android:name
		ADDED from src\main\AndroidManifest.xml:26:27-73
activity#com.celesterspencer.activities.VocabInputActivity
ADDED from src\main\AndroidManifest.xml:29:9-36:20
	android:label
		ADDED from src\main\AndroidManifest.xml:31:13-45
	android:name
		ADDED from src\main\AndroidManifest.xml:30:13-77
intent-filter#android.intent.action.VOCABINPUTACTIVITY+android.intent.category.DEFAULT
ADDED from src\main\AndroidManifest.xml:32:13-35:29
action#android.intent.action.VOCABINPUTACTIVITY
ADDED from src\main\AndroidManifest.xml:33:17-83
	android:name
		ADDED from src\main\AndroidManifest.xml:33:25-80
activity#com.celesterspencer.activities.VocabularyListActivity
ADDED from src\main\AndroidManifest.xml:37:9-44:20
	android:label
		ADDED from src\main\AndroidManifest.xml:39:13-45
	android:name
		ADDED from src\main\AndroidManifest.xml:38:13-81
intent-filter#android.intent.action.VOCABULARYLISTACTIVITY+android.intent.category.DEFAULT
ADDED from src\main\AndroidManifest.xml:40:13-43:29
action#android.intent.action.VOCABULARYLISTACTIVITY
ADDED from src\main\AndroidManifest.xml:41:17-87
	android:name
		ADDED from src\main\AndroidManifest.xml:41:25-84
activity#com.celesterspencer.activities.MainMenuActivity
ADDED from src\main\AndroidManifest.xml:45:9-52:20
	android:label
		ADDED from src\main\AndroidManifest.xml:47:13-45
	android:name
		ADDED from src\main\AndroidManifest.xml:46:13-75
intent-filter#android.intent.action.MAIN+android.intent.category.LAUNCHER
ADDED from src\main\AndroidManifest.xml:48:13-51:29
action#android.intent.action.MAIN
ADDED from src\main\AndroidManifest.xml:49:17-69
	android:name
		ADDED from src\main\AndroidManifest.xml:49:25-66
category#android.intent.category.LAUNCHER
ADDED from src\main\AndroidManifest.xml:50:17-77
	android:name
		ADDED from src\main\AndroidManifest.xml:50:27-74
activity#com.celesterspencer.activities.CreateVocabularyListActivity
ADDED from src\main\AndroidManifest.xml:53:9-60:20
	android:label
		ADDED from src\main\AndroidManifest.xml:55:13-45
	android:name
		ADDED from src\main\AndroidManifest.xml:54:13-87
intent-filter#android.intent.action.CREATEVOCABULARYLISTACTIVITY+android.intent.category.DEFAULT
ADDED from src\main\AndroidManifest.xml:56:13-59:29
action#android.intent.action.CREATEVOCABULARYLISTACTIVITY
ADDED from src\main\AndroidManifest.xml:57:17-93
	android:name
		ADDED from src\main\AndroidManifest.xml:57:25-90
activity#com.celesterspencer.activities.VocabularylistSettingsActivity
ADDED from src\main\AndroidManifest.xml:61:9-68:20
	android:label
		ADDED from src\main\AndroidManifest.xml:63:13-45
	android:name
		ADDED from src\main\AndroidManifest.xml:62:13-89
intent-filter#android.intent.action.VOCABULARYLISTSETTINGSACTIVITY+android.intent.category.DEFAULT
ADDED from src\main\AndroidManifest.xml:64:13-67:29
action#android.intent.action.VOCABULARYLISTSETTINGSACTIVITY
ADDED from src\main\AndroidManifest.xml:65:17-95
	android:name
		ADDED from src\main\AndroidManifest.xml:65:25-92
activity#com.celesterspencer.activities.DeleteListActivity
ADDED from src\main\AndroidManifest.xml:69:9-77:20
	android:label
		ADDED from src\main\AndroidManifest.xml:71:13-45
	android:theme
		ADDED from src\main\AndroidManifest.xml:72:13-56
	android:name
		ADDED from src\main\AndroidManifest.xml:70:13-77
intent-filter#android.intent.action.DELETELISTACTIVITY+android.intent.category.DEFAULT
ADDED from src\main\AndroidManifest.xml:73:13-76:29
action#android.intent.action.DELETELISTACTIVITY
ADDED from src\main\AndroidManifest.xml:74:17-83
	android:name
		ADDED from src\main\AndroidManifest.xml:74:25-80
activity#com.celesterspencer.activities.DropboxActivity
ADDED from src\main\AndroidManifest.xml:78:9-85:18
	android:label
		ADDED from src\main\AndroidManifest.xml:80:11-43
	android:name
		ADDED from src\main\AndroidManifest.xml:79:11-72
intent-filter#android.intent.action.DROPBOXACTIVITY+android.intent.category.DEFAULT
ADDED from src\main\AndroidManifest.xml:81:11-84:27
action#android.intent.action.DROPBOXACTIVITY
ADDED from src\main\AndroidManifest.xml:82:15-78
	android:name
		ADDED from src\main\AndroidManifest.xml:82:23-75
activity#com.dropbox.client2.android.AuthActivity
ADDED from src\main\AndroidManifest.xml:86:7-97:20
	android:launchMode
		ADDED from src\main\AndroidManifest.xml:89:13-44
	android:configChanges
		ADDED from src\main\AndroidManifest.xml:88:13-57
	android:name
		ADDED from src\main\AndroidManifest.xml:87:13-68
intent-filter#android.intent.action.VIEW+android.intent.category.BROWSABLE+android.intent.category.DEFAULT
ADDED from src\main\AndroidManifest.xml:90:13-96:29
data
ADDED from src\main\AndroidManifest.xml:92:17-61
	android:scheme
		ADDED from src\main\AndroidManifest.xml:92:23-58
action#android.intent.action.VIEW
ADDED from src\main\AndroidManifest.xml:93:17-69
	android:name
		ADDED from src\main\AndroidManifest.xml:93:25-66
category#android.intent.category.BROWSABLE
ADDED from src\main\AndroidManifest.xml:94:17-78
	android:name
		ADDED from src\main\AndroidManifest.xml:94:27-75
activity#com.celesterspencer.activities.EditVocabularyActivity
ADDED from src\main\AndroidManifest.xml:98:9-105:18
	android:label
		ADDED from src\main\AndroidManifest.xml:100:11-43
	android:name
		ADDED from src\main\AndroidManifest.xml:99:11-79
intent-filter#android.intent.action.EDITVOCABULARYACTIVITY+android.intent.category.DEFAULT
ADDED from src\main\AndroidManifest.xml:101:11-104:27
action#android.intent.action.EDITVOCABULARYACTIVITY
ADDED from src\main\AndroidManifest.xml:102:15-85
	android:name
		ADDED from src\main\AndroidManifest.xml:102:23-82
activity#com.celesterspencer.activities.FlashcardActivity
ADDED from src\main\AndroidManifest.xml:106:7-113:18
	android:label
		ADDED from src\main\AndroidManifest.xml:108:11-43
	android:name
		ADDED from src\main\AndroidManifest.xml:107:11-74
intent-filter#android.intent.action.FLASHCARDACTIVITY+android.intent.category.DEFAULT
ADDED from src\main\AndroidManifest.xml:109:11-112:27
action#android.intent.action.FLASHCARDACTIVITY
ADDED from src\main\AndroidManifest.xml:110:15-80
	android:name
		ADDED from src\main\AndroidManifest.xml:110:23-77